


ARM Macro Assembler    Page 1 


    1 00000000                 area             aswini, code, readonly
    2 00000000         start
    3 00000000         ;b2-4ac
    4 00000000         ;a,b,c
    5 00000000         ;r1 = a, r2= b, r3=c
    6 00000000 E3A00101        LDR              r0, =0x40000000
    7 00000004         
    8 00000004         ; Load r1,r2,r3
    9 00000004 E8B0000E        LDM              r0!,{r1-r3}
   10 00000008         
   11 00000008 E0040292        MUL              r4, r2,r2   ;b^2
   12 0000000C E0030391        MUL              r3, r1,r3   ; ac
   13 00000010         ; When using 3 reg, LSL cannot be used
   14 00000010 E1A03103        LSL              r3, #2      ; 4ac
   15 00000014         
   16 00000014 E0443003        SUB              r3,r4,r3    ; b^2 - 4ac 
   17 00000018         
   18 00000018         
   19 00000018 E1A03133        LSR              r3,r1       ; 
   20 0000001C         
   21 0000001C E5803000        STR              r3, [r0]
   22 00000020         
   23 00000020 EAFFFFFE 
                       L       B                L
   24 00000024                 end
Command Line: --debug --xref --apcs=interwork --depend=.\b24ac.d -o.\b24ac.o -I
C:\Keil_v5\ARM\RV31\INC -IC:\Keil_v5\ARM\CMSIS\Include -IC:\Keil_v5\ARM\Inc\Phi
lips --predefine="__EVAL SETA 1" --list=.\b24ac.lst b24ac.s



ARM Macro Assembler    Page 1 Alphabetic symbol ordering
Relocatable symbols

L 00000020

Symbol: L
   Definitions
      At line 23 in file b24ac.s
   Uses
      At line 23 in file b24ac.s
Comment: L used once
aswini 00000000

Symbol: aswini
   Definitions
      At line 1 in file b24ac.s
   Uses
      None
Comment: aswini unused
start 00000000

Symbol: start
   Definitions
      At line 2 in file b24ac.s
   Uses
      None
Comment: start unused
3 symbols
334 symbols in table
