


ARM Macro Assembler    Page 1 


    1 00000000                 area             aswini, code, readonly
    2 00000000         baari
    3 00000000         ; Base Address
    4 00000000 E3A00101        LDR              r0, =0x40000000
    5 00000004         ;mov r0, #0x40000000
    6 00000004         
    7 00000004 E4901004        LDR              r1, [r0],#0x4 ; Number of eleme
                                                            nts
    8 00000008         
    9 00000008 E4902004        LDR              r2, [r0],#0x4 ; Target
   10 0000000C         
   11 0000000C         ; r6 stores result
   12 0000000C         loop
   13 0000000C         ; Get an element
   14 0000000C E4903004        LDR              r3, [r0],#0x4 ; r3 = current
   15 00000010 E1520003        CMP              r2,r3
   16 00000014         
   17 00000014 0A000002        BEQ              found
   18 00000018         
   19 00000018 E2511001        SUBS             r1,r1,#1
   20 0000001C 0A000001        BEQ              notfound
   21 00000020 EAFFFFF9        B                loop
   22 00000024         
   23 00000024         found
   24 00000024 E3A06001        mov              r6,#0x1
   25 00000028         
   26 00000028 EAFFFFFE 
                       notfound
                               B                notfound
   27 0000002C                 end
Command Line: --debug --xref --apcs=interwork --depend=.\lineasearch.d -o.\line
asearch.o -IC:\Keil_v5\ARM\RV31\INC -IC:\Keil_v5\ARM\CMSIS\Include -IC:\Keil_v5
\ARM\Inc\Philips --predefine="__EVAL SETA 1" --list=.\lineasearch.lst lineasear
ch.s



ARM Macro Assembler    Page 1 Alphabetic symbol ordering
Relocatable symbols

aswini 00000000

Symbol: aswini
   Definitions
      At line 1 in file lineasearch.s
   Uses
      None
Comment: aswini unused
baari 00000000

Symbol: baari
   Definitions
      At line 2 in file lineasearch.s
   Uses
      None
Comment: baari unused
found 00000024

Symbol: found
   Definitions
      At line 23 in file lineasearch.s
   Uses
      At line 17 in file lineasearch.s
Comment: found used once
loop 0000000C

Symbol: loop
   Definitions
      At line 12 in file lineasearch.s
   Uses
      At line 21 in file lineasearch.s
Comment: loop used once
notfound 00000028

Symbol: notfound
   Definitions
      At line 26 in file lineasearch.s
   Uses
      At line 20 in file lineasearch.s
      At line 26 in file lineasearch.s

5 symbols
336 symbols in table
