


ARM Macro Assembler    Page 1 


    1 00000000                 area             binarysearch,code,readonly
    2 00000000         start
    3 00000000         ; Base address
    4 00000000 E3A00101        LDR              r0, =0x40000000
    5 00000004         
    6 00000004         ; Get number of elements
    7 00000004 E4D01001        LDRB             r1, [r0], #0x1
    8 00000008         
    9 00000008         ; Get target
   10 00000008 E4D02001        LDRB             r2, [r0], #0x1
   11 0000000C         
   12 0000000C E3A03000        MOV              r3, #0      ; low = 0
   13 00000010 E1A04001        MOV              r4, r1      ; high = no. of ele
                                                            ments
   14 00000014         
   15 00000014         
   16 00000014         loop
   17 00000014         ; middle
   18 00000014         ; (low + high) / 2
   19 00000014         ;   r3    r4
   20 00000014 E1530004        CMP              r3,r4
   21 00000018 AA00000B        BGE              L
   22 0000001C E0835004        ADD              r5,r3,r4
   23 00000020 E1A050A5        LSR              r5,#1
   24 00000024         
   25 00000024         ; Get the element
   26 00000024 E7D07005        LDRB             r7, [r0,r5]
   27 00000028         
   28 00000028         ; Compare
   29 00000028 E1520007        CMP              r2,r7
   30 0000002C 0A000005        BEQ              found
   31 00000030 BA000000        BLT              LEFT
   32 00000034 AA000001        BGE              RIGHT
   33 00000038         
   34 00000038         
   35 00000038         LEFT
   36 00000038 E1A04005        mov              r4,r5
   37 0000003C EAFFFFF4        B                loop
   38 00000040         
   39 00000040         RIGHT
   40 00000040 E1A03005        mov              r3,r5
   41 00000044 EAFFFFF2        B                loop
   42 00000048         
   43 00000048         found
   44 00000048 E3A06001        mov              r6, #1
   45 0000004C         
   46 0000004C EAFFFFFE 
                       L       B                L
   47 00000050                 end
Command Line: --debug --xref --apcs=interwork --depend=.\binarysearch.d -o.\bin
arysearch.o -IC:\Keil_v5\ARM\RV31\INC -IC:\Keil_v5\ARM\CMSIS\Include -IC:\Keil_
v5\ARM\Inc\Philips --predefine="__EVAL SETA 1" --list=.\binarysearch.lst binary
search.s



ARM Macro Assembler    Page 1 Alphabetic symbol ordering
Relocatable symbols

L 0000004C

Symbol: L
   Definitions
      At line 46 in file binarysearch.s
   Uses
      At line 21 in file binarysearch.s
      At line 46 in file binarysearch.s

LEFT 00000038

Symbol: LEFT
   Definitions
      At line 35 in file binarysearch.s
   Uses
      At line 31 in file binarysearch.s
Comment: LEFT used once
RIGHT 00000040

Symbol: RIGHT
   Definitions
      At line 39 in file binarysearch.s
   Uses
      At line 32 in file binarysearch.s
Comment: RIGHT used once
binarysearch 00000000

Symbol: binarysearch
   Definitions
      At line 1 in file binarysearch.s
   Uses
      None
Comment: binarysearch unused
found 00000048

Symbol: found
   Definitions
      At line 43 in file binarysearch.s
   Uses
      At line 30 in file binarysearch.s
Comment: found used once
loop 00000014

Symbol: loop
   Definitions
      At line 16 in file binarysearch.s
   Uses
      At line 37 in file binarysearch.s
      At line 41 in file binarysearch.s

start 00000000

Symbol: start
   Definitions
      At line 2 in file binarysearch.s
   Uses
      None
Comment: start unused
7 symbols



ARM Macro Assembler    Page 2 Alphabetic symbol ordering
Relocatable symbols

338 symbols in table
