


ARM Macro Assembler    Page 1 


    1 00000000                 area             bubble, code, readonly
    2 00000000         start
    3 00000000         
    4 00000000 E3A00101        LDR              r0, =0x40000000
    5 00000004         ; get number of elements
    6 00000004 E5901000        LDR              r1, [r0]    ; POST
    7 00000008         
    8 00000008         ; We will have 1 lesser iterations
    9 00000008 E2411001        SUB              r1,r1, #1
   10 0000000C         
   11 0000000C         ; r1 = I
   12 0000000C         ; r2 = J
   13 0000000C         
   14 0000000C         OUTER
   15 0000000C E1A02001        MOV              r2,r1       ; J counter
   16 00000010         
   17 00000010 E3A00111        LDR              r0, =0x40000004 ; Runner
   18 00000014         
   19 00000014         INNER
   20 00000014 E4904004        LDR              r4, [r0], #0x4
   21 00000018 E5905000        LDR              r5, [r0]
   22 0000001C         
   23 0000001C E1540005        CMP              r4, r5
   24 00000020 DA000001        BLE              continue
   25 00000024         
   26 00000024         ; SWAP
   27 00000024 E5804000        STR              r4, [r0]
   28 00000028 E5005004        STR              r5, [r0,#-0x4]
   29 0000002C         
   30 0000002C         continue
   31 0000002C         ; decrement J
   32 0000002C E2522001        SUBS             R2, R2, #1
   33 00000030 1AFFFFF7        BNE              INNER
   34 00000034         
   35 00000034         ; Decrement I
   36 00000034 E2511001        SUBS             R1,R1, #1
   37 00000038 1AFFFFF3        BNE              OUTER
   38 0000003C         
   39 0000003C EAFFFFFE 
                       L       B                L
   40 00000040                 end
Command Line: --debug --xref --apcs=interwork --depend=.\bubble.d -o.\bubble.o 
-IC:\Keil_v5\ARM\RV31\INC -IC:\Keil_v5\ARM\CMSIS\Include -IC:\Keil_v5\ARM\Inc\P
hilips --predefine="__EVAL SETA 1" --list=.\bubble.lst bubble.s



ARM Macro Assembler    Page 1 Alphabetic symbol ordering
Relocatable symbols

INNER 00000014

Symbol: INNER
   Definitions
      At line 19 in file bubble.s
   Uses
      At line 33 in file bubble.s
Comment: INNER used once
L 0000003C

Symbol: L
   Definitions
      At line 39 in file bubble.s
   Uses
      At line 39 in file bubble.s
Comment: L used once
OUTER 0000000C

Symbol: OUTER
   Definitions
      At line 14 in file bubble.s
   Uses
      At line 37 in file bubble.s
Comment: OUTER used once
bubble 00000000

Symbol: bubble
   Definitions
      At line 1 in file bubble.s
   Uses
      None
Comment: bubble unused
continue 0000002C

Symbol: continue
   Definitions
      At line 30 in file bubble.s
   Uses
      At line 24 in file bubble.s
Comment: continue used once
start 00000000

Symbol: start
   Definitions
      At line 2 in file bubble.s
   Uses
      None
Comment: start unused
6 symbols
337 symbols in table
