


ARM Macro Assembler    Page 1 


    1 00000000                 area             fibonacci, code, readonly
    2 00000000         start
    3 00000000         ; base
    4 00000000 E3A00101        LDR              r0, =0x40000000
    5 00000004         
    6 00000004         ; Get no. of elements
    7 00000004 E5901000        LDR              r1, [r0]    ; r1 = count
    8 00000008         
    9 00000008 E3A04000        MOV              r4,#0       ; A
   10 0000000C E3A05001        MOV              r5, #1      ; B
   11 00000010         
   12 00000010         ; A, B, A+B
   13 00000010         loop
   14 00000010 E0847005        ADD              r7,r4,r5    ;  C = A + B
   15 00000014 E1A04005        MOV              r4,r5       ; new A = B
   16 00000018 E1A05007        MOV              r5,r7       ; new B = A+B
   17 0000001C         
   18 0000001C E2511001        SUBS             r1,r1,#1
   19 00000020 0A000000        BEQ              L
   20 00000024         
   21 00000024 EAFFFFF9        B                loop
   22 00000028         
   23 00000028         
   24 00000028 EAFFFFFE 
                       L       B                L
   25 0000002C                 end
Command Line: --debug --xref --apcs=interwork --depend=.\fibonacci.d -o.\fibona
cci.o -IC:\Keil_v5\ARM\RV31\INC -IC:\Keil_v5\ARM\CMSIS\Include -IC:\Keil_v5\ARM
\Inc\Philips --predefine="__EVAL SETA 1" --list=.\fibonacci.lst fibonacci.s



ARM Macro Assembler    Page 1 Alphabetic symbol ordering
Relocatable symbols

L 00000028

Symbol: L
   Definitions
      At line 24 in file fibonacci.s
   Uses
      At line 19 in file fibonacci.s
      At line 24 in file fibonacci.s

fibonacci 00000000

Symbol: fibonacci
   Definitions
      At line 1 in file fibonacci.s
   Uses
      None
Comment: fibonacci unused
loop 00000010

Symbol: loop
   Definitions
      At line 13 in file fibonacci.s
   Uses
      At line 21 in file fibonacci.s
Comment: loop used once
start 00000000

Symbol: start
   Definitions
      At line 2 in file fibonacci.s
   Uses
      None
Comment: start unused
4 symbols
335 symbols in table
