


ARM Macro Assembler    Page 1 


    1 00000000                 area             sumseries,code,readonly
    2 00000000         start
    3 00000000         
    4 00000000 E3A00101        LDR              R0, =0X40000000
    5 00000004 E5901000        LDR              r1, [r0]    ; count
    6 00000008         
    7 00000008 E3A05000        MOV              r5, #0
    8 0000000C         
    9 0000000C         loop
   10 0000000C E2866001        ADD              r6, r6, #1
   11 00000010 E0855006        ADD              r5,r5,r6
   12 00000014         
   13 00000014 E2511001        SUBS             r1,r1, #1
   14 00000018 0A000000        BEQ              L
   15 0000001C EAFFFFFA        B                loop
   16 00000020         
   17 00000020 EAFFFFFE 
                       L       B                L
   18 00000024                 end
Command Line: --debug --xref --apcs=interwork --depend=.\sumofseries.d -o.\sumo
fseries.o -IC:\Keil_v5\ARM\RV31\INC -IC:\Keil_v5\ARM\CMSIS\Include -IC:\Keil_v5
\ARM\Inc\Philips --predefine="__EVAL SETA 1" --list=.\sumofseries.lst sumofseri
es.s



ARM Macro Assembler    Page 1 Alphabetic symbol ordering
Relocatable symbols

L 00000020

Symbol: L
   Definitions
      At line 17 in file sumofseries.s
   Uses
      At line 14 in file sumofseries.s
      At line 17 in file sumofseries.s

loop 0000000C

Symbol: loop
   Definitions
      At line 9 in file sumofseries.s
   Uses
      At line 15 in file sumofseries.s
Comment: loop used once
start 00000000

Symbol: start
   Definitions
      At line 2 in file sumofseries.s
   Uses
      None
Comment: start unused
sumseries 00000000

Symbol: sumseries
   Definitions
      At line 1 in file sumofseries.s
   Uses
      None
Comment: sumseries unused
4 symbols
335 symbols in table
